  [1m[35m (230.2ms)[0m  [1m[35mCREATE TABLE "schema_migrations" ("version" character varying NOT NULL PRIMARY KEY)[0m
  ↳ bin/rails:4
  [1m[35m (269.9ms)[0m  [1m[35mCREATE TABLE "ar_internal_metadata" ("key" character varying NOT NULL PRIMARY KEY, "value" character varying, "created_at" timestamp NOT NULL, "updated_at" timestamp NOT NULL)[0m
  ↳ bin/rails:4
  [1m[35m (0.0ms)[0m  [1m[34mSELECT pg_try_advisory_lock(7741973386468942635)[0m
  ↳ bin/rails:4
  [1m[35m (0.0ms)[0m  [1m[34mSELECT "schema_migrations"."version" FROM "schema_migrations" ORDER BY "schema_migrations"."version" ASC[0m
  ↳ bin/rails:4
Migrating to CreateAdministradores (20180726004530)
  [1m[35m (0.0ms)[0m  [1m[35mBEGIN[0m
  ↳ bin/rails:4
  [1m[35m (164.2ms)[0m  [1m[35mCREATE TABLE "administradores" ("id" bigserial primary key, "us_correo" character varying, "us_contrasena" character varying, "us_nombre" character varying, "created_at" timestamp NOT NULL, "updated_at" timestamp NOT NULL)[0m
  ↳ db/migrate/20180726004530_create_administradores.rb:3
  [1m[36mActiveRecord::SchemaMigration Create (0.0ms)[0m  [1m[32mINSERT INTO "schema_migrations" ("version") VALUES ($1) RETURNING "version"[0m  [["version", "20180726004530"]]
  ↳ bin/rails:4
  [1m[35m (0.0ms)[0m  [1m[35mCOMMIT[0m
  ↳ bin/rails:4
Migrating to CreateEditores (20180726004543)
  [1m[35m (0.0ms)[0m  [1m[35mBEGIN[0m
  ↳ bin/rails:4
  [1m[35m (129.7ms)[0m  [1m[35mCREATE TABLE "editores" ("id" bigserial primary key, "us_correo" character varying, "us_contrasena" character varying, "us_nombre" character varying, "created_at" timestamp NOT NULL, "updated_at" timestamp NOT NULL)[0m
  ↳ db/migrate/20180726004543_create_editores.rb:3
  [1m[36mActiveRecord::SchemaMigration Create (0.0ms)[0m  [1m[32mINSERT INTO "schema_migrations" ("version") VALUES ($1) RETURNING "version"[0m  [["version", "20180726004543"]]
  ↳ bin/rails:4
  [1m[35m (0.0ms)[0m  [1m[35mCOMMIT[0m
  ↳ bin/rails:4
Migrating to CreateUsuarios (20180726004555)
  [1m[35m (0.0ms)[0m  [1m[35mBEGIN[0m
  ↳ bin/rails:4
  [1m[35m (190.4ms)[0m  [1m[35mCREATE TABLE "usuarios" ("id" bigserial primary key, "us_correo" character varying, "us_contrasena" character varying, "us_nombre" character varying, "us_sexo" integer, "created_at" timestamp NOT NULL, "updated_at" timestamp NOT NULL)[0m
  ↳ db/migrate/20180726004555_create_usuarios.rb:3
  [1m[36mActiveRecord::SchemaMigration Create (0.0ms)[0m  [1m[32mINSERT INTO "schema_migrations" ("version") VALUES ($1) RETURNING "version"[0m  [["version", "20180726004555"]]
  ↳ bin/rails:4
  [1m[35m (0.0ms)[0m  [1m[35mCOMMIT[0m
  ↳ bin/rails:4
Migrating to CreateInformativos (20180726004604)
  [1m[35m (10.1ms)[0m  [1m[35mBEGIN[0m
  ↳ bin/rails:4
  [1m[35m (99.9ms)[0m  [1m[35mCREATE TABLE "informativos" ("id" bigserial primary key, "in_titulo" character varying, "in_img_hero" character varying, "in_descripcion" character varying, "c_vistas" integer, "in_compartido" integer, "created_at" timestamp NOT NULL, "updated_at" timestamp NOT NULL)[0m
  ↳ db/migrate/20180726004604_create_informativos.rb:3
  [1m[36mActiveRecord::SchemaMigration Create (0.0ms)[0m  [1m[32mINSERT INTO "schema_migrations" ("version") VALUES ($1) RETURNING "version"[0m  [["version", "20180726004604"]]
  ↳ bin/rails:4
  [1m[35m (0.0ms)[0m  [1m[35mCOMMIT[0m
  ↳ bin/rails:4
Migrating to CreateComentarios (20180726004620)
  [1m[35m (0.0ms)[0m  [1m[35mBEGIN[0m
  ↳ bin/rails:4
  [1m[35m (80.5ms)[0m  [1m[35mCREATE TABLE "comentarios" ("id" bigserial primary key, "co_comentario" character varying, "created_at" timestamp NOT NULL, "updated_at" timestamp NOT NULL)[0m
  ↳ db/migrate/20180726004620_create_comentarios.rb:3
  [1m[36mActiveRecord::SchemaMigration Create (0.0ms)[0m  [1m[32mINSERT INTO "schema_migrations" ("version") VALUES ($1) RETURNING "version"[0m  [["version", "20180726004620"]]
  ↳ bin/rails:4
  [1m[35m (9.4ms)[0m  [1m[35mCOMMIT[0m
  ↳ bin/rails:4
Migrating to CreateEtiquetas (20180726004631)
  [1m[35m (0.0ms)[0m  [1m[35mBEGIN[0m
  ↳ bin/rails:4
  [1m[35m (110.2ms)[0m  [1m[35mCREATE TABLE "etiquetas" ("id" bigserial primary key, "et_nombre" character varying, "created_at" timestamp NOT NULL, "updated_at" timestamp NOT NULL)[0m
  ↳ db/migrate/20180726004631_create_etiquetas.rb:3
  [1m[36mActiveRecord::SchemaMigration Create (0.0ms)[0m  [1m[32mINSERT INTO "schema_migrations" ("version") VALUES ($1) RETURNING "version"[0m  [["version", "20180726004631"]]
  ↳ bin/rails:4
  [1m[35m (0.0ms)[0m  [1m[35mCOMMIT[0m
  ↳ bin/rails:4
Migrating to CreateUsuariosEtiquetas (20180726004641)
  [1m[35m (0.0ms)[0m  [1m[35mBEGIN[0m
  ↳ bin/rails:4
  [1m[35m (50.4ms)[0m  [1m[35mCREATE TABLE "usuarios_etiquetas" ("id" bigserial primary key, "usuarios_id" bigint, "etiquetas_id" bigint, "created_at" timestamp NOT NULL, "updated_at" timestamp NOT NULL)[0m
  ↳ db/migrate/20180726004641_create_usuarios_etiquetas.rb:3
  [1m[35m (49.8ms)[0m  [1m[35mCREATE  INDEX  "index_usuarios_etiquetas_on_usuarios_id" ON "usuarios_etiquetas"  ("usuarios_id")[0m
  ↳ db/migrate/20180726004641_create_usuarios_etiquetas.rb:3
  [1m[35m (50.3ms)[0m  [1m[35mCREATE  INDEX  "index_usuarios_etiquetas_on_etiquetas_id" ON "usuarios_etiquetas"  ("etiquetas_id")[0m
  ↳ db/migrate/20180726004641_create_usuarios_etiquetas.rb:3
  [1m[36mActiveRecord::SchemaMigration Create (0.0ms)[0m  [1m[32mINSERT INTO "schema_migrations" ("version") VALUES ($1) RETURNING "version"[0m  [["version", "20180726004641"]]
  ↳ bin/rails:4
  [1m[35m (0.0ms)[0m  [1m[35mCOMMIT[0m
  ↳ bin/rails:4
Migrating to CreateInformativoEtiquetas (20180726004703)
  [1m[35m (9.6ms)[0m  [1m[35mBEGIN[0m
  ↳ bin/rails:4
  [1m[35m (180.5ms)[0m  [1m[35mCREATE TABLE "informativo_etiquetas" ("id" bigserial primary key, "informativos_id" bigint, "etiquetas_id" bigint, "created_at" timestamp NOT NULL, "updated_at" timestamp NOT NULL)[0m
  ↳ db/migrate/20180726004703_create_informativo_etiquetas.rb:3
  [1m[35m (70.0ms)[0m  [1m[35mCREATE  INDEX  "index_informativo_etiquetas_on_informativos_id" ON "informativo_etiquetas"  ("informativos_id")[0m
  ↳ db/migrate/20180726004703_create_informativo_etiquetas.rb:3
  [1m[35m (50.1ms)[0m  [1m[35mCREATE  INDEX  "index_informativo_etiquetas_on_etiquetas_id" ON "informativo_etiquetas"  ("etiquetas_id")[0m
  ↳ db/migrate/20180726004703_create_informativo_etiquetas.rb:3
  [1m[36mActiveRecord::SchemaMigration Create (0.0ms)[0m  [1m[32mINSERT INTO "schema_migrations" ("version") VALUES ($1) RETURNING "version"[0m  [["version", "20180726004703"]]
  ↳ bin/rails:4
  [1m[35m (9.6ms)[0m  [1m[35mCOMMIT[0m
  ↳ bin/rails:4
Migrating to CreateRelationComentariosInformativosAndComentariosUsuarios (20180726154451)
  [1m[35m (0.0ms)[0m  [1m[35mBEGIN[0m
  ↳ bin/rails:4
  [1m[35m (0.0ms)[0m  [1m[35mALTER TABLE "comentarios" ADD "usuarios_id" bigint[0m
  ↳ db/migrate/20180726154451_create_relation_comentarios_informativos_and_comentarios_usuarios.rb:6
  [1m[35m (90.2ms)[0m  [1m[35mCREATE  INDEX  "index_comentarios_on_usuarios_id" ON "comentarios"  ("usuarios_id")[0m
  ↳ db/migrate/20180726154451_create_relation_comentarios_informativos_and_comentarios_usuarios.rb:6
  [1m[35m (0.0ms)[0m  [1m[35mALTER TABLE "comentarios" ADD "informativos_id" bigint[0m
  ↳ db/migrate/20180726154451_create_relation_comentarios_informativos_and_comentarios_usuarios.rb:7
  [1m[35m (49.8ms)[0m  [1m[35mCREATE  INDEX  "index_comentarios_on_informativos_id" ON "comentarios"  ("informativos_id")[0m
  ↳ db/migrate/20180726154451_create_relation_comentarios_informativos_and_comentarios_usuarios.rb:7
  [1m[36mActiveRecord::SchemaMigration Create (0.0ms)[0m  [1m[32mINSERT INTO "schema_migrations" ("version") VALUES ($1) RETURNING "version"[0m  [["version", "20180726154451"]]
  ↳ bin/rails:4
  [1m[35m (0.0ms)[0m  [1m[35mCOMMIT[0m
  ↳ bin/rails:4
Migrating to CreateRelationEtiquetasAdministradores (20180726155059)
  [1m[35m (0.0ms)[0m  [1m[35mBEGIN[0m
  ↳ bin/rails:4
  [1m[35m (0.0ms)[0m  [1m[35mALTER TABLE "etiquetas" ADD "administradores_id" bigint[0m
  ↳ db/migrate/20180726155059_create_relation_etiquetas_administradores.rb:4
  [1m[35m (61.1ms)[0m  [1m[35mCREATE  INDEX  "index_etiquetas_on_administradores_id" ON "etiquetas"  ("administradores_id")[0m
  ↳ db/migrate/20180726155059_create_relation_etiquetas_administradores.rb:4
  [1m[36mActiveRecord::SchemaMigration Create (0.0ms)[0m  [1m[32mINSERT INTO "schema_migrations" ("version") VALUES ($1) RETURNING "version"[0m  [["version", "20180726155059"]]
  ↳ bin/rails:4
  [1m[35m (0.0ms)[0m  [1m[35mCOMMIT[0m
  ↳ bin/rails:4
Migrating to CreateRelationInformativosAdministradores (20180726155413)
  [1m[35m (0.0ms)[0m  [1m[35mBEGIN[0m
  ↳ bin/rails:4
  [1m[35m (0.0ms)[0m  [1m[35mALTER TABLE "informativos" ADD "administradores_id" bigint[0m
  ↳ db/migrate/20180726155413_create_relation_informativos_administradores.rb:4
  [1m[35m (100.0ms)[0m  [1m[35mCREATE  INDEX  "index_informativos_on_administradores_id" ON "informativos"  ("administradores_id")[0m
  ↳ db/migrate/20180726155413_create_relation_informativos_administradores.rb:4
  [1m[36mActiveRecord::SchemaMigration Create (0.0ms)[0m  [1m[32mINSERT INTO "schema_migrations" ("version") VALUES ($1) RETURNING "version"[0m  [["version", "20180726155413"]]
  ↳ bin/rails:4
  [1m[35m (0.0ms)[0m  [1m[35mCOMMIT[0m
  ↳ bin/rails:4
  [1m[36mActiveRecord::InternalMetadata Load (0.0ms)[0m  [1m[34mSELECT  "ar_internal_metadata".* FROM "ar_internal_metadata" WHERE "ar_internal_metadata"."key" = $1 LIMIT $2[0m  [["key", "environment"], ["LIMIT", 1]]
  ↳ bin/rails:4
  [1m[35m (0.0ms)[0m  [1m[35mBEGIN[0m
  ↳ bin/rails:4
  [1m[36mActiveRecord::InternalMetadata Create (0.0ms)[0m  [1m[32mINSERT INTO "ar_internal_metadata" ("key", "value", "created_at", "updated_at") VALUES ($1, $2, $3, $4) RETURNING "key"[0m  [["key", "environment"], ["value", "development"], ["created_at", "2018-07-26 16:06:04.727475"], ["updated_at", "2018-07-26 16:06:04.727475"]]
  ↳ bin/rails:4
  [1m[35m (0.0ms)[0m  [1m[35mCOMMIT[0m
  ↳ bin/rails:4
  [1m[35m (0.0ms)[0m  [1m[34mSELECT pg_advisory_unlock(7741973386468942635)[0m
  ↳ bin/rails:4
  [1m[35m (0.0ms)[0m  [1m[34mSELECT "schema_migrations"."version" FROM "schema_migrations" ORDER BY "schema_migrations"."version" ASC[0m
  ↳ bin/rails:4
  [1m[35m (0.0ms)[0m  [1m[34mSELECT pg_try_advisory_lock(7741973386468942635)[0m
  ↳ bin/rails:4
  [1m[35m (0.0ms)[0m  [1m[34mSELECT "schema_migrations"."version" FROM "schema_migrations" ORDER BY "schema_migrations"."version" ASC[0m
  ↳ bin/rails:4
Migrating to ChangeTableInformativoName (20180726160948)
  [1m[35m (0.0ms)[0m  [1m[35mBEGIN[0m
  ↳ bin/rails:4
  [1m[35m (0.0ms)[0m  [1m[35mALTER TABLE "informativo_etiquetas" RENAME TO "informativos_etiquetas"[0m
  ↳ db/migrate/20180726160948_change_table_informativo_name.rb:3
  [1m[35m (0.0ms)[0m  [1m[35mALTER INDEX "informativo_etiquetas_pkey" RENAME TO "informativos_etiquetas_pkey"[0m
  ↳ db/migrate/20180726160948_change_table_informativo_name.rb:3
  [1m[35m (0.0ms)[0m  [1m[35mALTER TABLE "public"."informativo_etiquetas_id_seq" RENAME TO "informativos_etiquetas_id_seq"[0m
  ↳ db/migrate/20180726160948_change_table_informativo_name.rb:3
  [1m[35m (0.0ms)[0m  [1m[35mALTER INDEX "index_informativo_etiquetas_on_etiquetas_id" RENAME TO "index_informativos_etiquetas_on_etiquetas_id"[0m
  ↳ db/migrate/20180726160948_change_table_informativo_name.rb:3
  [1m[35m (0.0ms)[0m  [1m[35mALTER INDEX "index_informativo_etiquetas_on_informativos_id" RENAME TO "index_informativos_etiquetas_on_informativos_id"[0m
  ↳ db/migrate/20180726160948_change_table_informativo_name.rb:3
  [1m[36mActiveRecord::SchemaMigration Create (0.0ms)[0m  [1m[32mINSERT INTO "schema_migrations" ("version") VALUES ($1) RETURNING "version"[0m  [["version", "20180726160948"]]
  ↳ bin/rails:4
  [1m[35m (4.0ms)[0m  [1m[35mCOMMIT[0m
  ↳ bin/rails:4
  [1m[36mActiveRecord::InternalMetadata Load (0.0ms)[0m  [1m[34mSELECT  "ar_internal_metadata".* FROM "ar_internal_metadata" WHERE "ar_internal_metadata"."key" = $1 LIMIT $2[0m  [["key", "environment"], ["LIMIT", 1]]
  ↳ bin/rails:4
  [1m[35m (4.0ms)[0m  [1m[35mBEGIN[0m
  ↳ bin/rails:4
  [1m[35m (0.0ms)[0m  [1m[35mCOMMIT[0m
  ↳ bin/rails:4
  [1m[35m (0.0ms)[0m  [1m[34mSELECT pg_advisory_unlock(7741973386468942635)[0m
  ↳ bin/rails:4
  [1m[35m (0.0ms)[0m  [1m[34mSELECT "schema_migrations"."version" FROM "schema_migrations" ORDER BY "schema_migrations"."version" ASC[0m
  ↳ bin/rails:4
