  [1m[35m (286.8ms)[0m  [1m[35mCREATE TABLE "schema_migrations" ("version" character varying PRIMARY KEY)[0m
  [1m[35m (234.8ms)[0m  [1m[35mCREATE TABLE "ar_internal_metadata" ("key" character varying PRIMARY KEY, "value" character varying, "created_at" timestamp NOT NULL, "updated_at" timestamp NOT NULL)[0m
  [1m[35m (1.0ms)[0m  [1m[34mSELECT pg_try_advisory_lock(7741973386468942635);[0m
  [1m[36mActiveRecord::SchemaMigration Load (1.0ms)[0m  [1m[34mSELECT "schema_migrations".* FROM "schema_migrations"[0m
Migrating to CreateUsuarios (20180711232556)
  [1m[35m (0.0ms)[0m  [1m[35mBEGIN[0m
  [1m[35m (73.0ms)[0m  [1m[35mCREATE TABLE "usuarios" ("id" serial primary key, "us_correo" character varying, "us_contrasena" character varying, "us_nombre" character varying, "us_sexo" integer, "created_at" timestamp NOT NULL, "updated_at" timestamp NOT NULL)[0m
  [1m[35mSQL (1.0ms)[0m  [1m[32mINSERT INTO "schema_migrations" ("version") VALUES ($1) RETURNING "version"[0m  [["version", "20180711232556"]]
  [1m[35m (11.0ms)[0m  [1m[35mCOMMIT[0m
Migrating to CreateComentarios (20180711232609)
  [1m[35m (4.0ms)[0m  [1m[35mBEGIN[0m
  [1m[35m (61.0ms)[0m  [1m[35mCREATE TABLE "comentarios" ("id" serial primary key, "created_at" timestamp NOT NULL, "updated_at" timestamp NOT NULL)[0m
  [1m[35mSQL (1.0ms)[0m  [1m[32mINSERT INTO "schema_migrations" ("version") VALUES ($1) RETURNING "version"[0m  [["version", "20180711232609"]]
  [1m[35m (1.0ms)[0m  [1m[35mCOMMIT[0m
Migrating to CreateInformativos (20180711232625)
  [1m[35m (2.9ms)[0m  [1m[35mBEGIN[0m
  [1m[35m (81.4ms)[0m  [1m[35mCREATE TABLE "informativos" ("id" serial primary key, "in_titulo" character varying, "in_img_hero" character varying, "in_descripcion" character varying, "c_vistas" integer, "in_compartido" integer, "created_at" timestamp NOT NULL, "updated_at" timestamp NOT NULL)[0m
  [1m[35mSQL (1.0ms)[0m  [1m[32mINSERT INTO "schema_migrations" ("version") VALUES ($1) RETURNING "version"[0m  [["version", "20180711232625"]]
  [1m[35m (1.8ms)[0m  [1m[35mCOMMIT[0m
Migrating to CreateEtiqueta (20180711232709)
  [1m[35m (2.0ms)[0m  [1m[35mBEGIN[0m
  [1m[35m (114.0ms)[0m  [1m[35mCREATE TABLE "etiqueta" ("id" serial primary key, "et_nombre" character varying, "created_at" timestamp NOT NULL, "updated_at" timestamp NOT NULL)[0m
  [1m[35mSQL (0.0ms)[0m  [1m[32mINSERT INTO "schema_migrations" ("version") VALUES ($1) RETURNING "version"[0m  [["version", "20180711232709"]]
  [1m[35m (2.0ms)[0m  [1m[35mCOMMIT[0m
Migrating to CreateInformativosEtiqueta (20180711232732)
  [1m[35m (3.0ms)[0m  [1m[35mBEGIN[0m
  [1m[35m (54.0ms)[0m  [1m[35mCREATE TABLE "informativos_etiqueta" ("id" serial primary key, "created_at" timestamp NOT NULL, "updated_at" timestamp NOT NULL)[0m
  [1m[35mSQL (0.0ms)[0m  [1m[32mINSERT INTO "schema_migrations" ("version") VALUES ($1) RETURNING "version"[0m  [["version", "20180711232732"]]
  [1m[35m (1.0ms)[0m  [1m[35mCOMMIT[0m
Migrating to CreateEtiquetasUsuarios (20180711232758)
  [1m[35m (2.0ms)[0m  [1m[35mBEGIN[0m
  [1m[35m (174.8ms)[0m  [1m[35mCREATE TABLE "etiquetas_usuarios" ("id" serial primary key, "created_at" timestamp NOT NULL, "updated_at" timestamp NOT NULL)[0m
  [1m[35mSQL (1.0ms)[0m  [1m[32mINSERT INTO "schema_migrations" ("version") VALUES ($1) RETURNING "version"[0m  [["version", "20180711232758"]]
  [1m[35m (1.0ms)[0m  [1m[35mCOMMIT[0m
  [1m[36mActiveRecord::InternalMetadata Load (1.0ms)[0m  [1m[34mSELECT  "ar_internal_metadata".* FROM "ar_internal_metadata" WHERE "ar_internal_metadata"."key" = $1 LIMIT $2[0m  [["key", "environment"], ["LIMIT", 1]]
  [1m[35m (1.0ms)[0m  [1m[35mBEGIN[0m
  [1m[35mSQL (1.0ms)[0m  [1m[32mINSERT INTO "ar_internal_metadata" ("key", "value", "created_at", "updated_at") VALUES ($1, $2, $3, $4) RETURNING "key"[0m  [["key", "environment"], ["value", "development"], ["created_at", "2018-07-24 23:15:00.655698"], ["updated_at", "2018-07-24 23:15:00.655698"]]
  [1m[35m (1.0ms)[0m  [1m[35mCOMMIT[0m
  [1m[35m (1.0ms)[0m  [1m[34mSELECT pg_advisory_unlock(7741973386468942635)[0m
  [1m[36mActiveRecord::SchemaMigration Load (0.0ms)[0m  [1m[34mSELECT "schema_migrations".* FROM "schema_migrations"[0m
